-------------------------------------------------------------------------------
Test set: com.egg.TuAlmacen.TuAlmacenApplicationTests
-------------------------------------------------------------------------------
Tests run: 1, Failures: 0, Errors: 1, Skipped: 0, Time elapsed: 7.767 s <<< FAILURE! - in com.egg.TuAlmacen.TuAlmacenApplicationTests
contextLoads  Time elapsed: 0.001 s  <<< ERROR!
java.lang.IllegalStateException: Failed to load ApplicationContext
Caused by: org.springframework.beans.factory.UnsatisfiedDependencyException: Error creating bean with name 'adminController': Unsatisfied dependency expressed through field 'pedidoService'; nested exception is org.springframework.beans.factory.UnsatisfiedDependencyException: Error creating bean with name 'pedidoService': Unsatisfied dependency expressed through field 'pedidoRepositorio'; nested exception is org.springframework.beans.factory.BeanCreationException: Error creating bean with name 'pedidoRepositorio': Invocation of init method failed; nested exception is java.lang.IllegalArgumentException: Validation failed for query for method public abstract java.util.List com.egg.TuAlmacen.repositorio.PedidoRepositorio.pendientes()!
Caused by: org.springframework.beans.factory.UnsatisfiedDependencyException: Error creating bean with name 'pedidoService': Unsatisfied dependency expressed through field 'pedidoRepositorio'; nested exception is org.springframework.beans.factory.BeanCreationException: Error creating bean with name 'pedidoRepositorio': Invocation of init method failed; nested exception is java.lang.IllegalArgumentException: Validation failed for query for method public abstract java.util.List com.egg.TuAlmacen.repositorio.PedidoRepositorio.pendientes()!
Caused by: org.springframework.beans.factory.BeanCreationException: Error creating bean with name 'pedidoRepositorio': Invocation of init method failed; nested exception is java.lang.IllegalArgumentException: Validation failed for query for method public abstract java.util.List com.egg.TuAlmacen.repositorio.PedidoRepositorio.pendientes()!
Caused by: java.lang.IllegalArgumentException: Validation failed for query for method public abstract java.util.List com.egg.TuAlmacen.repositorio.PedidoRepositorio.pendientes()!
Caused by: java.lang.IllegalArgumentException: org.hibernate.hql.internal.ast.QuerySyntaxException: pedido is not mapped [select p from pedido p where p.estado like 'PENDIENTE']
Caused by: org.hibernate.hql.internal.ast.QuerySyntaxException: pedido is not mapped [select p from pedido p where p.estado like 'PENDIENTE']
Caused by: org.hibernate.hql.internal.ast.QuerySyntaxException: pedido is not mapped

